GROUP,PACKAGE,CLASS,INSTRUCTION_MISSED,INSTRUCTION_COVERED,BRANCH_MISSED,BRANCH_COVERED,LINE_MISSED,LINE_COVERED,COMPLEXITY_MISSED,COMPLEXITY_COVERED,METHOD_MISSED,METHOD_COVERED
CatellarDatabase,com.castellar.carlos.picon,Language,19,0,0,0,9,0,5,0,5,0
CatellarDatabase,com.castellar.carlos.picon,server,7,0,0,0,3,0,2,0,2,0
CatellarDatabase,com.castellar.carlos.picon,Users,140,0,0,0,57,0,29,0,29,0
CatellarDatabase,com.castellar.carlos.picon,CastellarDBApplication,151,44,0,0,36,12,11,4,11,4
CatellarDatabase,com.castellar.carlos.picon,Author,24,32,0,0,10,11,7,4,7,4
CatellarDatabase,com.castellar.carlos.picon,Books,37,56,0,0,17,19,10,9,10,9
